2022-01-09 14:32:23,255 [Worker-5: Loading available Gradle versions] INFO  o.e.b.c.i.u.g.PublishedGradleVersions - Gradle version information cache is up-to-date. Trying to read.
2022-01-09 14:35:40,580 [Worker-0: Loading available Gradle versions] INFO  o.e.b.c.i.u.g.PublishedGradleVersions - Gradle version information cache is up-to-date. Trying to read.
2022-01-12 14:32:04,671 [Worker-5: Loading available Gradle versions] INFO  o.e.b.c.i.u.g.PublishedGradleVersions - Gradle version information cache is out-of-date. Trying to update.
2022-01-12 14:36:43,645 [Worker-5: Loading available Gradle versions] INFO  o.e.b.c.i.u.g.PublishedGradleVersions - Gradle version information cache is up-to-date. Trying to read.
2022-01-12 14:37:01,122 [Worker-0: Loading available Gradle versions] INFO  o.e.b.c.i.u.g.PublishedGradleVersions - Gradle version information cache is up-to-date. Trying to read.
2022-01-12 14:37:32,853 [Worker-4: ビルド] INFO  o.e.m.c.i.l.LifecycleMappingFactory - Using org.eclipse.m2e.jdt.JarLifecycleMapping lifecycle mapping for MavenProject: com.example:demo:0.0.1-SNAPSHOT @ C:\Users\kainagao\OneDrive\デスクトップ\pleiades\eclipse\demo-branch1 (1)\demo\pom.xml.
2022-01-12 14:37:32,853 [Worker-7: Maven 依存関係の更新中] INFO  o.e.m.c.i.l.LifecycleMappingFactory - Using org.eclipse.m2e.jdt.JarLifecycleMapping lifecycle mapping for MavenProject: com.example:demo:0.0.1-SNAPSHOT @ C:\Users\kainagao\OneDrive\デスクトップ\pleiades\eclipse\demo-branch1 (1)\demo\pom.xml.
2022-01-12 14:37:47,567 [Worker-4: ビルド] INFO  o.e.m.c.i.embedder.EclipseLogger - Using 'UTF-8' encoding to copy filtered resources.
2022-01-12 14:37:47,568 [Worker-4: ビルド] INFO  o.e.m.c.i.embedder.EclipseLogger - Using 'UTF-8' encoding to copy filtered properties files.
2022-01-12 14:37:47,581 [Worker-4: ビルド] INFO  o.e.m.c.i.embedder.EclipseLogger - Copying 1 resource
2022-01-12 14:37:47,610 [Worker-4: ビルド] INFO  o.e.m.c.i.embedder.EclipseLogger - Copying 5 resources
2022-01-12 14:37:47,647 [Worker-4: ビルド] INFO  o.e.m.c.i.embedder.EclipseLogger - Using 'UTF-8' encoding to copy filtered resources.
2022-01-12 14:37:47,647 [Worker-4: ビルド] INFO  o.e.m.c.i.embedder.EclipseLogger - Using 'UTF-8' encoding to copy filtered properties files.
2022-01-12 14:37:47,647 [Worker-4: ビルド] INFO  o.e.m.c.i.embedder.EclipseLogger - skip non existing resourceDirectory C:\Users\kainagao\OneDrive\デスクトップ\pleiades\eclipse\demo-branch1 (1)\demo\src\test\resources
2022-01-12 14:37:49,675 [Worker-9: Maven 依存関係の更新中] INFO  o.e.m.c.i.l.LifecycleMappingFactory - Using org.eclipse.m2e.jdt.JarLifecycleMapping lifecycle mapping for MavenProject: com.example:demo:0.0.1-SNAPSHOT @ C:\Users\kainagao\OneDrive\デスクトップ\pleiades\eclipse\demo-branch1 (1)\demo\pom.xml.
2022-01-12 14:37:50,418 [Worker-0: ビルド] INFO  o.e.m.c.i.embedder.EclipseLogger - Using 'UTF-8' encoding to copy filtered resources.
2022-01-12 14:37:50,419 [Worker-0: ビルド] INFO  o.e.m.c.i.embedder.EclipseLogger - Using 'UTF-8' encoding to copy filtered properties files.
2022-01-12 14:37:50,428 [Worker-0: ビルド] INFO  o.e.m.c.i.embedder.EclipseLogger - Copying 1 resource
2022-01-12 14:37:50,460 [Worker-0: ビルド] INFO  o.e.m.c.i.embedder.EclipseLogger - Copying 5 resources
2022-01-12 14:37:50,487 [Worker-0: ビルド] INFO  o.e.m.c.i.embedder.EclipseLogger - Using 'UTF-8' encoding to copy filtered resources.
2022-01-12 14:37:50,487 [Worker-0: ビルド] INFO  o.e.m.c.i.embedder.EclipseLogger - Using 'UTF-8' encoding to copy filtered properties files.
2022-01-12 14:37:50,487 [Worker-0: ビルド] INFO  o.e.m.c.i.embedder.EclipseLogger - skip non existing resourceDirectory C:\Users\kainagao\OneDrive\デスクトップ\pleiades\eclipse\demo-branch1 (1)\demo\src\test\resources
2022-01-12 14:37:53,109 [Worker-7: ビルド] INFO  o.e.m.c.i.embedder.EclipseLogger - Using 'UTF-8' encoding to copy filtered resources.
2022-01-12 14:37:53,110 [Worker-7: ビルド] INFO  o.e.m.c.i.embedder.EclipseLogger - Using 'UTF-8' encoding to copy filtered properties files.
2022-01-12 14:37:53,115 [Worker-7: ビルド] INFO  o.e.m.c.i.embedder.EclipseLogger - Copying 1 resource
2022-01-12 14:37:53,220 [Worker-7: ビルド] INFO  o.e.m.c.i.embedder.EclipseLogger - Copying 5 resources
2022-01-12 14:37:53,230 [Worker-7: ビルド] INFO  o.e.m.c.i.embedder.EclipseLogger - Using 'UTF-8' encoding to copy filtered resources.
2022-01-12 14:37:53,230 [Worker-7: ビルド] INFO  o.e.m.c.i.embedder.EclipseLogger - Using 'UTF-8' encoding to copy filtered properties files.
2022-01-12 14:37:53,231 [Worker-7: ビルド] INFO  o.e.m.c.i.embedder.EclipseLogger - skip non existing resourceDirectory C:\Users\kainagao\OneDrive\デスクトップ\pleiades\eclipse\demo-branch1 (1)\demo\src\test\resources
2022-01-12 14:38:01,632 [Worker-2: ビルド] INFO  o.e.m.c.i.embedder.EclipseLogger - Using 'UTF-8' encoding to copy filtered resources.
2022-01-12 14:38:01,632 [Worker-2: ビルド] INFO  o.e.m.c.i.embedder.EclipseLogger - Using 'UTF-8' encoding to copy filtered properties files.
2022-01-12 14:38:01,632 [Worker-2: ビルド] INFO  o.e.m.c.i.embedder.EclipseLogger - Copying 0 resource
2022-01-12 14:38:01,632 [Worker-2: ビルド] INFO  o.e.m.c.i.embedder.EclipseLogger - Copying 0 resource
2022-01-12 14:38:01,635 [Worker-2: ビルド] INFO  o.e.m.c.i.embedder.EclipseLogger - Using 'UTF-8' encoding to copy filtered resources.
2022-01-12 14:38:01,635 [Worker-2: ビルド] INFO  o.e.m.c.i.embedder.EclipseLogger - Using 'UTF-8' encoding to copy filtered properties files.
2022-01-12 14:38:01,635 [Worker-2: ビルド] INFO  o.e.m.c.i.embedder.EclipseLogger - skip non existing resourceDirectory C:\Users\kainagao\OneDrive\デスクトップ\pleiades\eclipse\demo-branch1 (1)\demo\src\test\resources
2022-01-12 14:38:18,711 [Worker-8: ビルド] INFO  o.e.m.c.i.embedder.EclipseLogger - Using 'UTF-8' encoding to copy filtered resources.
2022-01-12 14:38:18,711 [Worker-8: ビルド] INFO  o.e.m.c.i.embedder.EclipseLogger - Using 'UTF-8' encoding to copy filtered properties files.
2022-01-12 14:38:18,712 [Worker-8: ビルド] INFO  o.e.m.c.i.embedder.EclipseLogger - Copying 0 resource
2022-01-12 14:38:18,713 [Worker-8: ビルド] INFO  o.e.m.c.i.embedder.EclipseLogger - Copying 0 resource
2022-01-12 14:38:18,717 [Worker-8: ビルド] INFO  o.e.m.c.i.embedder.EclipseLogger - Using 'UTF-8' encoding to copy filtered resources.
2022-01-12 14:38:18,717 [Worker-8: ビルド] INFO  o.e.m.c.i.embedder.EclipseLogger - Using 'UTF-8' encoding to copy filtered properties files.
2022-01-12 14:38:18,717 [Worker-8: ビルド] INFO  o.e.m.c.i.embedder.EclipseLogger - skip non existing resourceDirectory C:\Users\kainagao\OneDrive\デスクトップ\pleiades\eclipse\demo-branch1 (1)\demo\src\test\resources
2022-01-12 14:38:30,244 [Worker-8: ビルド] INFO  o.e.m.c.i.embedder.EclipseLogger - Using 'UTF-8' encoding to copy filtered resources.
2022-01-12 14:38:30,244 [Worker-8: ビルド] INFO  o.e.m.c.i.embedder.EclipseLogger - Using 'UTF-8' encoding to copy filtered properties files.
2022-01-12 14:38:30,246 [Worker-8: ビルド] INFO  o.e.m.c.i.embedder.EclipseLogger - Copying 1 resource
2022-01-12 14:38:30,253 [Worker-8: ビルド] INFO  o.e.m.c.i.embedder.EclipseLogger - Copying 5 resources
2022-01-12 14:38:30,257 [Worker-8: ビルド] INFO  o.e.m.c.i.embedder.EclipseLogger - Using 'UTF-8' encoding to copy filtered resources.
2022-01-12 14:38:30,257 [Worker-8: ビルド] INFO  o.e.m.c.i.embedder.EclipseLogger - Using 'UTF-8' encoding to copy filtered properties files.
2022-01-12 14:38:30,257 [Worker-8: ビルド] INFO  o.e.m.c.i.embedder.EclipseLogger - skip non existing resourceDirectory C:\Users\kainagao\OneDrive\デスクトップ\pleiades\eclipse\demo-branch1 (1)\demo\src\test\resources
2022-01-12 15:09:44,817 [Worker-17: ビルド] INFO  o.e.m.c.i.embedder.EclipseLogger - Using 'UTF-8' encoding to copy filtered resources.
2022-01-12 15:09:44,819 [Worker-17: ビルド] INFO  o.e.m.c.i.embedder.EclipseLogger - Using 'UTF-8' encoding to copy filtered properties files.
2022-01-12 15:09:44,822 [Worker-17: ビルド] INFO  o.e.m.c.i.embedder.EclipseLogger - Copying 1 resource
2022-01-12 15:09:44,944 [Worker-17: ビルド] INFO  o.e.m.c.i.embedder.EclipseLogger - Copying 5 resources
2022-01-12 15:09:44,951 [Worker-17: ビルド] INFO  o.e.m.c.i.embedder.EclipseLogger - Using 'UTF-8' encoding to copy filtered resources.
2022-01-12 15:09:44,951 [Worker-17: ビルド] INFO  o.e.m.c.i.embedder.EclipseLogger - Using 'UTF-8' encoding to copy filtered properties files.
2022-01-12 15:09:44,951 [Worker-17: ビルド] INFO  o.e.m.c.i.embedder.EclipseLogger - skip non existing resourceDirectory C:\Users\kainagao\OneDrive\デスクトップ\pleiades\eclipse\demo-branch1 (1)\demo\src\test\resources
2022-01-12 15:10:19,851 [Worker-16: ビルド] INFO  o.e.m.c.i.embedder.EclipseLogger - Using 'UTF-8' encoding to copy filtered resources.
2022-01-12 15:10:19,851 [Worker-16: ビルド] INFO  o.e.m.c.i.embedder.EclipseLogger - Using 'UTF-8' encoding to copy filtered properties files.
2022-01-12 15:10:19,858 [Worker-16: ビルド] INFO  o.e.m.c.i.embedder.EclipseLogger - Copying 0 resource
2022-01-12 15:10:19,859 [Worker-16: ビルド] INFO  o.e.m.c.i.embedder.EclipseLogger - Copying 1 resource
2022-01-12 15:10:19,872 [Worker-16: ビルド] INFO  o.e.m.c.i.embedder.EclipseLogger - Using 'UTF-8' encoding to copy filtered resources.
2022-01-12 15:10:19,872 [Worker-16: ビルド] INFO  o.e.m.c.i.embedder.EclipseLogger - Using 'UTF-8' encoding to copy filtered properties files.
2022-01-12 15:10:19,872 [Worker-16: ビルド] INFO  o.e.m.c.i.embedder.EclipseLogger - skip non existing resourceDirectory C:\Users\kainagao\OneDrive\デスクトップ\pleiades\eclipse\demo-branch1 (1)\demo\src\test\resources
2022-01-12 15:11:06,463 [Worker-15: ビルド] INFO  o.e.m.c.i.embedder.EclipseLogger - Using 'UTF-8' encoding to copy filtered resources.
2022-01-12 15:11:06,463 [Worker-15: ビルド] INFO  o.e.m.c.i.embedder.EclipseLogger - Using 'UTF-8' encoding to copy filtered properties files.
2022-01-12 15:11:06,464 [Worker-15: ビルド] INFO  o.e.m.c.i.embedder.EclipseLogger - Copying 0 resource
2022-01-12 15:11:06,464 [Worker-15: ビルド] INFO  o.e.m.c.i.embedder.EclipseLogger - Copying 1 resource
2022-01-12 15:11:06,473 [Worker-15: ビルド] INFO  o.e.m.c.i.embedder.EclipseLogger - Using 'UTF-8' encoding to copy filtered resources.
2022-01-12 15:11:06,473 [Worker-15: ビルド] INFO  o.e.m.c.i.embedder.EclipseLogger - Using 'UTF-8' encoding to copy filtered properties files.
2022-01-12 15:11:06,473 [Worker-15: ビルド] INFO  o.e.m.c.i.embedder.EclipseLogger - skip non existing resourceDirectory C:\Users\kainagao\OneDrive\デスクトップ\pleiades\eclipse\demo-branch1 (1)\demo\src\test\resources
2022-01-12 15:47:41,023 [Worker-23: ビルド] INFO  o.e.m.c.i.embedder.EclipseLogger - Using 'UTF-8' encoding to copy filtered resources.
2022-01-12 15:47:41,023 [Worker-23: ビルド] INFO  o.e.m.c.i.embedder.EclipseLogger - Using 'UTF-8' encoding to copy filtered properties files.
2022-01-12 15:47:41,024 [Worker-23: ビルド] INFO  o.e.m.c.i.embedder.EclipseLogger - Copying 0 resource
2022-01-12 15:47:41,025 [Worker-23: ビルド] INFO  o.e.m.c.i.embedder.EclipseLogger - Copying 1 resource
2022-01-12 15:47:41,036 [Worker-23: ビルド] INFO  o.e.m.c.i.embedder.EclipseLogger - Using 'UTF-8' encoding to copy filtered resources.
2022-01-12 15:47:41,036 [Worker-23: ビルド] INFO  o.e.m.c.i.embedder.EclipseLogger - Using 'UTF-8' encoding to copy filtered properties files.
2022-01-12 15:47:41,036 [Worker-23: ビルド] INFO  o.e.m.c.i.embedder.EclipseLogger - skip non existing resourceDirectory C:\Users\kainagao\OneDrive\デスクトップ\pleiades\eclipse\demo-branch1 (1)\demo\src\test\resources
2022-01-12 21:50:01,387 [Worker-0: Loading available Gradle versions] INFO  o.e.b.c.i.u.g.PublishedGradleVersions - Gradle version information cache is up-to-date. Trying to read.
